cs442/PA4AD_Ch07_Preferences/app/build/outputs/logs/manifest-merger-debug-report.txt
-- Merging decision tree log ---
manifest
ADDED from src\main\AndroidManifest.xml:2:1-23:12
	xmlns:android
		ADDED from src\main\AndroidManifest.xml:2:11-69
	package
		ADDED from src\main\AndroidManifest.xml:3:3-33
		INJECTED from src\main\AndroidManifest.xml
		INJECTED from src\main\AndroidManifest.xml
	android:versionName
		ADDED from src\main\AndroidManifest.xml:5:3-28
	android:versionCode
		ADDED from src\main\AndroidManifest.xml:4:3-26
		INJECTED from src\main\AndroidManifest.xml
		INJECTED from src\main\AndroidManifest.xml
application
ADDED from src\main\AndroidManifest.xml:7:3-21:17
	android:label
		ADDED from src\main\AndroidManifest.xml:9:5-37
	android:icon
		ADDED from src\main\AndroidManifest.xml:8:5-41
activity#com.paad.preferences.MyActivity
ADDED from src\main\AndroidManifest.xml:10:5-17:16
	android:label
		ADDED from src\main\AndroidManifest.xml:12:7-39
	android:name
		ADDED from src\main\AndroidManifest.xml:11:7-33
intent-filter#android.intent.action.MAIN+android.intent.category.LAUNCHER
ADDED from src\main\AndroidManifest.xml:13:7-16:23
action#android.intent.action.MAIN
ADDED from src\main\AndroidManifest.xml:14:9-61
	android:name
		ADDED from src\main\AndroidManifest.xml:14:17-58
category#android.intent.category.LAUNCHER
ADDED from src\main\AndroidManifest.xml:15:9-69
	android:name
		ADDED from src\main\AndroidManifest.xml:15:19-66
activity#com.paad.preferences.MyFragmentPreferenceActivity
ADDED from src\main\AndroidManifest.xml:19:5-70
	android:name
		ADDED from src\main\AndroidManifest.xml:19:15-58
activity#com.paad.preferences.MyPreferenceActivity
ADDED from src\main\AndroidManifest.xml:20:5-62
	android:name
		ADDED from src\main\AndroidManifest.xml:20:15-50
uses-sdk
INJECTED from src\main\AndroidManifest.xml reason: use-sdk injection requested
	android:minSdkVersion
		INJECTED from src\main\AndroidManifest.xml
		INJECTED from src\main\AndroidManifest.xml